<?xml version="1.0" encoding="UTF-8"?>
<testng-results ignored="0" total="2" passed="2" failed="0" skipped="0">
  <reporter-output>
  </reporter-output>
  <suite started-at="2022-05-05T11:05:04Z" name="Suite" finished-at="2022-05-05T11:05:39Z" duration-ms="35172">
    <groups>
    </groups>
    <test started-at="2022-05-05T11:05:04Z" name="Test" finished-at="2022-05-05T11:05:39Z" duration-ms="35172">
      <class name="vn.tinypulse.TC_01_AddPeople">
        <test-method is-config="true" signature="beforeClass(java.lang.String, java.lang.String)[pri:0, instance:vn.tinypulse.TC_01_AddPeople@73e9cf30]" started-at="2022-05-05T11:05:04Z" name="beforeClass" finished-at="2022-05-05T11:05:08Z" duration-ms="4816" status="PASS">
          <params>
            <param index="0">
              <value>
                <![CDATA[chrome]]>
              </value>
            </param>
            <param index="1">
              <value>
                <![CDATA[production]]>
              </value>
            </param>
          </params>
          <reporter-output>
          </reporter-output>
        </test-method> <!-- beforeClass -->
        <test-method signature="TC_01_login()[pri:0, instance:vn.tinypulse.TC_01_AddPeople@73e9cf30]" started-at="2022-05-05T11:05:08Z" name="TC_01_login" finished-at="2022-05-05T11:05:13Z" duration-ms="5016" status="PASS">
          <reporter-output>
          </reporter-output>
        </test-method> <!-- TC_01_login -->
        <test-method signature="TC_02_Add_People()[pri:0, instance:vn.tinypulse.TC_01_AddPeople@73e9cf30]" started-at="2022-05-05T11:05:13Z" name="TC_02_Add_People" finished-at="2022-05-05T11:05:39Z" duration-ms="25317" status="PASS">
          <reporter-output>
          </reporter-output>
        </test-method> <!-- TC_02_Add_People -->
        <test-method is-config="true" signature="afterClass()[pri:0, instance:vn.tinypulse.TC_01_AddPeople@73e9cf30]" started-at="2022-05-05T11:05:39Z" name="afterClass" finished-at="2022-05-05T11:05:39Z" duration-ms="0" status="PASS">
          <reporter-output>
          </reporter-output>
        </test-method> <!-- afterClass -->
      </class> <!-- vn.tinypulse.TC_01_AddPeople -->
    </test> <!-- Test -->
  </suite> <!-- Suite -->
</testng-results>
