<?xml version="1.0" encoding="UTF-8"?>
<testng-results ignored="0" total="1" passed="1" failed="0" skipped="0">
  <reporter-output>
  </reporter-output>
  <suite started-at="2021-08-10T03:27:08Z" name="Suite" finished-at="2021-08-10T03:28:47Z" duration-ms="98983">
    <groups>
    </groups>
    <test started-at="2021-08-10T03:27:08Z" name="Test" finished-at="2021-08-10T03:28:47Z" duration-ms="98983">
      <class name="vn.tiki.TC_01_Search">
        <test-method is-config="true" signature="beforeClass(java.lang.String, java.lang.String)[pri:0, instance:vn.tiki.TC_01_Search@576d5deb]" started-at="2021-08-10T03:27:08Z" name="beforeClass" finished-at="2021-08-10T03:27:25Z" duration-ms="16772" status="PASS">
          <params>
            <param index="0">
              <value>
                <![CDATA[chrome]]>
              </value>
            </param>
            <param index="1">
              <value>
                <![CDATA[production]]>
              </value>
            </param>
          </params>
          <reporter-output>
          </reporter-output>
        </test-method> <!-- beforeClass -->
        <test-method signature="TC_01_search_tikinow_products_by_name()[pri:0, instance:vn.tiki.TC_01_Search@576d5deb]" started-at="2021-08-10T03:27:25Z" name="TC_01_search_tikinow_products_by_name" finished-at="2021-08-10T03:28:47Z" duration-ms="82179" status="PASS">
          <reporter-output>
          </reporter-output>
        </test-method> <!-- TC_01_search_tikinow_products_by_name -->
        <test-method is-config="true" signature="afterClass()[pri:0, instance:vn.tiki.TC_01_Search@576d5deb]" started-at="2021-08-10T03:28:47Z" name="afterClass" finished-at="2021-08-10T03:28:47Z" duration-ms="0" status="PASS">
          <reporter-output>
          </reporter-output>
        </test-method> <!-- afterClass -->
      </class> <!-- vn.tiki.TC_01_Search -->
    </test> <!-- Test -->
  </suite> <!-- Suite -->
</testng-results>
